Tuesday 30th of June 2015 10:20:36 PM : No exist post[method] 
Tuesday 30th of June 2015 10:20:48 PM : No exist post[method] 
Tuesday 30th of June 2015 10:22:02 PM : No exist post[method] 
Tuesday 30th of June 2015 10:22:43 PM : No exist post[method] 
Tuesday 30th of June 2015 10:22:44 PM : No exist post[method] 
Tuesday 30th of June 2015 10:22:58 PM : No exist post[method] 
Tuesday 30th of June 2015 10:23:17 PM : No exist post[method] 
Tuesday 30th of June 2015 10:23:18 PM : No exist post[method] 
Tuesday 30th of June 2015 10:25:38 PM : No exist post[method] 
Tuesday 30th of June 2015 10:25:40 PM : No exist post[method] 
Tuesday 30th of June 2015 10:27:17 PM : No exist post[method] 
Tuesday 30th of June 2015 10:27:34 PM : No exist post[method] 
Tuesday 30th of June 2015 10:28:56 PM : No exist post[method] 
Tuesday 30th of June 2015 10:29:20 PM : No exist post[method] 
Tuesday 30th of June 2015 10:29:43 PM : No exist post[method] 
Tuesday 30th of June 2015 10:29:51 PM : No exist post[method] 
Tuesday 30th of June 2015 10:29:58 PM : No exist post[method] 
Tuesday 30th of June 2015 10:30:14 PM : No exist post[method] 
Tuesday 30th of June 2015 10:32:48 PM : No exist post[method] 
Tuesday 30th of June 2015 10:32:57 PM : No exist post[method] 
Tuesday 30th of June 2015 10:33:03 PM : No exist post[method] 
Tuesday 30th of June 2015 10:33:42 PM : No exist post[method] 
Tuesday 30th of June 2015 10:33:48 PM : No exist post[method] 
Tuesday 30th of June 2015 10:33:54 PM : No exist post[method] 
Tuesday 30th of June 2015 10:34:16 PM : No exist post[method] 
Tuesday 30th of June 2015 10:34:27 PM : No exist post[method] 
Tuesday 30th of June 2015 10:34:51 PM : No exist post[method] 
Tuesday 30th of June 2015 10:35:06 PM : No exist post[method] 
Tuesday 30th of June 2015 10:35:17 PM : No exist post[method] 
Tuesday 30th of June 2015 10:35:41 PM : No exist post[method] 
Tuesday 30th of June 2015 10:35:53 PM : No exist post[method] 
Thursday 2nd of July 2015 05:44:15 PM : No exist post[method] 
Thursday 2nd of July 2015 05:44:39 PM : No exist post[method] 
Thursday 2nd of July 2015 05:44:50 PM : No exist post[method] 
Thursday 2nd of July 2015 05:45:09 PM : No exist post[method] 
Thursday 2nd of July 2015 06:06:56 PM : No exist post[method] 
Thursday 2nd of July 2015 06:07:01 PM : No exist post[method] 
Thursday 2nd of July 2015 06:07:02 PM : No exist post[method] 
Thursday 2nd of July 2015 06:07:06 PM : No exist post[method] 
Thursday 2nd of July 2015 06:07:08 PM : No exist post[method] 
Thursday 2nd of July 2015 08:20:16 PM : No exist post[method] 
Thursday 2nd of July 2015 08:20:45 PM : No exist post[method] 
Thursday 2nd of July 2015 08:21:04 PM : No exist post[method] 
Thursday 2nd of July 2015 08:25:12 PM : No exist post[method] 
Thursday 2nd of July 2015 08:30:34 PM : No exist post[method] 
Thursday 2nd of July 2015 08:31:04 PM : No exist post[method] 
Thursday 2nd of July 2015 08:31:32 PM : No exist post[method] 
Thursday 2nd of July 2015 08:45:25 PM : No exist post[method] 
Thursday 2nd of July 2015 08:47:05 PM : No exist post[method] 
Thursday 2nd of July 2015 08:47:11 PM : No exist post[method] 
Friday 3rd of July 2015 10:57:29 PM : No exist post[method] 
Friday 3rd of July 2015 11:06:45 PM : No exist post[method] 
Friday 3rd of July 2015 11:07:16 PM : No exist post[method] 
Friday 3rd of July 2015 11:10:54 PM : No exist post[method] 
Friday 3rd of July 2015 11:11:39 PM : No exist post[method] 
Friday 3rd of July 2015 11:12:26 PM : No exist post[method] 
Friday 3rd of July 2015 11:15:42 PM : No exist post[method] 
Friday 3rd of July 2015 11:16:09 PM : No exist post[method] 
Friday 3rd of July 2015 11:16:27 PM : No exist post[method] 
Friday 3rd of July 2015 11:20:10 PM : No exist post[method] 
Friday 3rd of July 2015 11:22:33 PM : No exist post[method] 
Friday 3rd of July 2015 11:30:35 PM : No exist post[method] 
Friday 3rd of July 2015 11:34:54 PM : No exist post[method] 
Friday 3rd of July 2015 11:35:28 PM : No exist post[method] 
Friday 3rd of July 2015 11:35:29 PM : No exist post[method] 
Friday 3rd of July 2015 11:37:28 PM : No exist post[method] 
Friday 3rd of July 2015 11:37:54 PM : No exist post[method] 
Friday 3rd of July 2015 11:39:18 PM : No exist post[method] 
Friday 3rd of July 2015 11:41:15 PM : No exist post[method] 
Friday 3rd of July 2015 11:41:43 PM : No exist post[method] 
Friday 3rd of July 2015 11:41:58 PM : No exist post[method] 
Friday 3rd of July 2015 11:42:08 PM : No exist post[method] 
Friday 3rd of July 2015 11:42:27 PM : No exist post[method] 
Friday 3rd of July 2015 11:43:03 PM : No exist post[method] 
Friday 3rd of July 2015 11:46:25 PM : No exist post[method] 
Friday 3rd of July 2015 11:48:15 PM : No exist post[method] 
Friday 3rd of July 2015 11:49:17 PM : No exist post[method] 
Friday 3rd of July 2015 11:53:15 PM : No exist post[method] 
Friday 3rd of July 2015 11:54:29 PM : No exist post[method] 
Friday 3rd of July 2015 11:55:03 PM : No exist post[method] 
Friday 3rd of July 2015 11:56:01 PM : No exist post[method] 
Friday 3rd of July 2015 11:56:12 PM : No exist post[method] 
Friday 3rd of July 2015 11:57:18 PM : No exist post[method] 
Friday 3rd of July 2015 11:57:25 PM : No exist post[method] 
Friday 3rd of July 2015 11:57:33 PM : No exist post[method] 
Friday 3rd of July 2015 11:58:51 PM : No exist post[method] 
Saturday 4th of July 2015 12:12:12 AM : No exist post[method] 
Saturday 4th of July 2015 12:13:15 AM : No exist post[method] 
Saturday 4th of July 2015 12:14:46 AM : No exist post[method] 
Saturday 4th of July 2015 12:17:19 AM : No exist post[method] 
Saturday 4th of July 2015 12:17:29 AM : No exist post[method] 
Saturday 4th of July 2015 12:18:23 AM : No exist post[method] 
Saturday 4th of July 2015 12:18:44 AM : No exist post[method] 
Saturday 4th of July 2015 12:20:50 AM : No exist post[method] 
Saturday 4th of July 2015 12:21:10 AM : No exist post[method] 
Saturday 4th of July 2015 12:25:01 AM : No exist post[method] 
Saturday 4th of July 2015 12:26:16 AM : No exist post[method] 
Saturday 4th of July 2015 12:26:23 AM : No exist post[method] 
Saturday 4th of July 2015 12:27:44 AM : No exist post[method] 
Saturday 4th of July 2015 12:27:55 AM : No exist post[method] 
Saturday 4th of July 2015 12:28:28 AM : No exist post[method] 
Saturday 4th of July 2015 12:29:35 AM : No exist post[method] 
Saturday 4th of July 2015 12:30:22 AM : No exist post[method] 
Saturday 4th of July 2015 12:32:21 AM : No exist post[method] 
Saturday 4th of July 2015 12:32:45 AM : No exist post[method] 
Saturday 4th of July 2015 12:33:57 AM : No exist post[method] 
Saturday 4th of July 2015 12:34:13 AM : No exist post[method] 
Saturday 4th of July 2015 12:34:49 AM : No exist post[method] 
Saturday 4th of July 2015 12:37:17 AM : No exist post[method] 
Saturday 4th of July 2015 12:39:50 AM : No exist post[method] 
Saturday 4th of July 2015 09:50:39 AM : No exist post[method] 
Saturday 4th of July 2015 05:28:09 PM : No exist post[method] 
Saturday 4th of July 2015 05:28:50 PM : No exist post[method] 
Saturday 4th of July 2015 05:38:16 PM : No exist post[method] 
Saturday 4th of July 2015 05:41:08 PM : No exist post[method] 
Saturday 4th of July 2015 05:41:14 PM : No exist post[method] 
Saturday 4th of July 2015 05:41:18 PM : No exist post[method] 
Saturday 4th of July 2015 05:41:35 PM : No exist post[method] 
Saturday 4th of July 2015 05:42:38 PM : No exist post[method] 
Saturday 4th of July 2015 05:43:55 PM : No exist post[method] 
Saturday 4th of July 2015 10:47:50 PM : No exist post[method] 
Saturday 4th of July 2015 10:48:28 PM : No exist post[method] 
Saturday 4th of July 2015 10:48:44 PM : No exist post[method] 
Saturday 4th of July 2015 10:48:48 PM : No exist post[method] 
Saturday 4th of July 2015 10:55:16 PM : No exist post[method] 
Saturday 4th of July 2015 10:55:27 PM : No exist post[method] 
Saturday 4th of July 2015 10:55:39 PM : No exist post[method] 
Saturday 4th of July 2015 10:55:42 PM : No exist post[method] 
Saturday 4th of July 2015 10:56:12 PM : No exist post[method] 
Saturday 4th of July 2015 11:03:06 PM : No exist post[method] 
Saturday 4th of July 2015 11:03:19 PM : No exist post[method] 
Saturday 4th of July 2015 11:04:09 PM : No exist post[method] 
Saturday 4th of July 2015 11:04:27 PM : No exist post[method] 
Saturday 4th of July 2015 11:11:13 PM : No exist post[method] 
Saturday 4th of July 2015 11:11:22 PM : No exist post[method] 
Saturday 4th of July 2015 11:11:34 PM : No exist post[method] 
Saturday 4th of July 2015 11:11:41 PM : No exist post[method] 
Saturday 4th of July 2015 11:18:09 PM : No exist post[method] 
Saturday 4th of July 2015 11:18:16 PM : No exist post[method] 
Saturday 4th of July 2015 11:18:37 PM : No exist post[method] 
Saturday 4th of July 2015 11:18:37 PM : No exist post[method] 
Saturday 4th of July 2015 11:18:39 PM : No exist post[method] 
Saturday 4th of July 2015 11:18:40 PM : No exist post[method] 
Saturday 4th of July 2015 11:18:49 PM : No exist post[method] 
Saturday 4th of July 2015 11:18:52 PM : No exist post[method] 
Saturday 4th of July 2015 11:18:53 PM : No exist post[method] 
Saturday 4th of July 2015 11:18:55 PM : No exist post[method] 
Saturday 4th of July 2015 11:19:21 PM : No exist post[method] 
Saturday 4th of July 2015 11:19:24 PM : No exist post[method] 
Saturday 4th of July 2015 11:19:26 PM : No exist post[method] 
Saturday 4th of July 2015 11:19:36 PM : No exist post[method] 
Saturday 4th of July 2015 11:52:28 PM : No exist post[method] 
Saturday 4th of July 2015 11:53:23 PM : No exist post[method] 
Saturday 4th of July 2015 11:53:30 PM : No exist post[method] 
Saturday 4th of July 2015 11:53:39 PM : No exist post[method] 
Saturday 4th of July 2015 11:56:34 PM : No exist post[method] 
Saturday 4th of July 2015 11:56:34 PM : No exist post[method] 
Saturday 4th of July 2015 11:56:37 PM : No exist post[method] 
Saturday 4th of July 2015 11:56:37 PM : No exist post[method] 
Saturday 4th of July 2015 11:57:58 PM : No exist post[method] 
Saturday 4th of July 2015 11:57:59 PM : No exist post[method] 
Saturday 4th of July 2015 11:58:09 PM : No exist post[method] 
Saturday 4th of July 2015 11:58:09 PM : No exist post[method] 
Saturday 4th of July 2015 11:59:06 PM : No exist post[method] 
Saturday 4th of July 2015 11:59:06 PM : No exist post[method] 
Saturday 4th of July 2015 11:59:11 PM : No exist post[method] 
Saturday 4th of July 2015 11:59:11 PM : No exist post[method] 
Sunday 5th of July 2015 12:01:47 AM : No exist post[method] 
Sunday 5th of July 2015 12:01:55 AM : No exist post[method] 
Sunday 5th of July 2015 12:02:02 AM : No exist post[method] 
Sunday 5th of July 2015 12:03:40 AM : No exist post[method] 
Sunday 5th of July 2015 12:03:45 AM : No exist post[method] 
Sunday 5th of July 2015 12:03:48 AM : No exist post[method] 
Sunday 5th of July 2015 12:04:42 AM : No exist post[method] 
Sunday 5th of July 2015 12:05:56 AM : No exist post[method] 
Sunday 5th of July 2015 12:06:00 AM : No exist post[method] 
Sunday 5th of July 2015 12:07:00 AM : No exist post[method] 
Sunday 5th of July 2015 12:07:04 AM : No exist post[method] 
Sunday 5th of July 2015 12:14:13 AM : No exist post[method] 
Sunday 5th of July 2015 12:14:18 AM : No exist post[method] 
Sunday 5th of July 2015 12:14:31 AM : No exist post[method] 
Sunday 5th of July 2015 12:14:36 AM : No exist post[method] 
Sunday 5th of July 2015 12:14:46 AM : No exist post[method] 
Sunday 5th of July 2015 12:14:50 AM : No exist post[method] 
Sunday 5th of July 2015 12:15:38 AM : No exist post[method] 
Sunday 5th of July 2015 12:15:44 AM : No exist post[method] 
Sunday 5th of July 2015 12:16:26 AM : No exist post[method] 
Sunday 5th of July 2015 12:16:32 AM : No exist post[method] 
Sunday 5th of July 2015 12:18:33 AM : No exist post[method] 
Sunday 5th of July 2015 12:18:33 AM : No exist post[method] 
Sunday 5th of July 2015 12:18:39 AM : No exist post[method] 
Sunday 5th of July 2015 12:18:39 AM : No exist post[method] 
Sunday 5th of July 2015 12:18:57 AM : No exist post[method] 
Sunday 5th of July 2015 12:19:02 AM : No exist post[method] 
Sunday 5th of July 2015 12:19:04 AM : No exist post[method] 
Sunday 5th of July 2015 12:19:12 AM : No exist post[method] 
Sunday 5th of July 2015 12:19:12 AM : No exist post[method] 
Sunday 5th of July 2015 12:19:17 AM : No exist post[method] 
Sunday 5th of July 2015 12:19:17 AM : No exist post[method] 
Sunday 5th of July 2015 12:22:07 AM : No exist post[method] 
Sunday 5th of July 2015 12:22:19 AM : No exist post[method] 
Sunday 5th of July 2015 12:25:44 AM : No exist post[method] 
Sunday 5th of July 2015 12:25:50 AM : No exist post[method] 
Sunday 5th of July 2015 12:25:59 AM : No exist post[method] 
Sunday 5th of July 2015 12:25:59 AM : No exist post[method] 
Sunday 5th of July 2015 12:26:06 AM : No exist post[method] 
Sunday 5th of July 2015 12:26:06 AM : No exist post[method] 
Sunday 5th of July 2015 12:26:08 AM : No exist post[method] 
Sunday 5th of July 2015 12:26:08 AM : No exist post[method] 
Sunday 5th of July 2015 12:26:13 AM : No exist post[method] 
Sunday 5th of July 2015 12:26:13 AM : No exist post[method] 
Sunday 5th of July 2015 12:29:37 AM : No exist post[method] 
Sunday 5th of July 2015 12:29:37 AM : No exist post[method] 
Sunday 5th of July 2015 12:31:14 AM : No exist post[method] 
Sunday 5th of July 2015 12:31:14 AM : No exist post[method] 
Sunday 5th of July 2015 12:31:19 AM : No exist post[method] 
Sunday 5th of July 2015 12:31:19 AM : No exist post[method] 
Sunday 5th of July 2015 12:31:46 AM : No exist post[method] 
Sunday 5th of July 2015 12:31:47 AM : No exist post[method] 
Sunday 5th of July 2015 12:31:55 AM : No exist post[method] 
Sunday 5th of July 2015 12:31:55 AM : No exist post[method] 
Sunday 5th of July 2015 12:32:34 AM : No exist post[method] 
Sunday 5th of July 2015 12:32:34 AM : No exist post[method] 
Sunday 5th of July 2015 12:32:39 AM : No exist post[method] 
Sunday 5th of July 2015 12:32:39 AM : No exist post[method] 
Sunday 5th of July 2015 12:33:23 AM : No exist post[method] 
Sunday 5th of July 2015 12:33:23 AM : No exist post[method] 
Sunday 5th of July 2015 12:33:28 AM : No exist post[method] 
Sunday 5th of July 2015 12:33:28 AM : No exist post[method] 
Sunday 5th of July 2015 12:35:29 AM : No exist post[method] 
Sunday 5th of July 2015 12:35:29 AM : No exist post[method] 
Monday 6th of July 2015 09:59:26 PM : No exist post[method] 
Monday 6th of July 2015 09:59:26 PM : No exist post[method] 
Monday 6th of July 2015 09:59:27 PM : No exist post[method] 
Monday 6th of July 2015 09:59:27 PM : No exist post[method] 
Monday 6th of July 2015 09:59:27 PM : No exist post[method] 
Monday 6th of July 2015 09:59:27 PM : No exist post[method] 
Monday 6th of July 2015 09:59:27 PM : No exist post[method] 
Monday 6th of July 2015 09:59:27 PM : No exist post[method] 
Monday 6th of July 2015 09:59:27 PM : No exist post[method] 
Monday 6th of July 2015 09:59:27 PM : No exist post[method] 
Monday 6th of July 2015 10:49:14 PM : No exist post[method] 
Monday 6th of July 2015 10:49:14 PM : No exist post[method] 
Monday 6th of July 2015 10:49:24 PM : No exist post[method] 
Monday 6th of July 2015 10:49:24 PM : No exist post[method] 
Monday 6th of July 2015 10:49:36 PM : No exist post[method] 
Monday 6th of July 2015 10:50:04 PM : No exist post[method] 
Monday 6th of July 2015 10:51:11 PM : No exist post[method] 
Monday 6th of July 2015 10:51:11 PM : No exist post[method] 
Monday 6th of July 2015 10:51:29 PM : No exist post[method] 
Monday 6th of July 2015 10:51:29 PM : No exist post[method] 
Monday 6th of July 2015 10:51:33 PM : No exist post[method] 
Monday 6th of July 2015 10:51:42 PM : No exist post[method] 
Monday 6th of July 2015 10:51:50 PM : No exist post[method] 
Monday 6th of July 2015 10:51:55 PM : No exist post[method] 
Monday 6th of July 2015 10:52:16 PM : No exist post[method] 
Monday 6th of July 2015 10:52:16 PM : No exist post[method] 
Monday 6th of July 2015 10:54:12 PM : No exist post[method] 
Monday 6th of July 2015 10:54:12 PM : No exist post[method] 
Monday 6th of July 2015 10:55:57 PM : No exist post[method] 
Monday 6th of July 2015 10:55:57 PM : No exist post[method] 
Monday 6th of July 2015 10:55:58 PM : No exist post[method] 
Monday 6th of July 2015 10:55:59 PM : No exist post[method] 
Monday 6th of July 2015 11:02:23 PM : No exist post[method] 
Monday 6th of July 2015 11:02:23 PM : No exist post[method] 
Monday 6th of July 2015 11:03:07 PM : No exist post[method] 
Monday 6th of July 2015 11:03:07 PM : No exist post[method] 
Monday 6th of July 2015 11:03:11 PM : No exist post[method] 
Monday 6th of July 2015 11:03:11 PM : No exist post[method] 
Monday 6th of July 2015 11:03:12 PM : No exist post[method] 
Monday 6th of July 2015 11:03:12 PM : No exist post[method] 
Monday 6th of July 2015 11:03:12 PM : No exist post[method] 
Monday 6th of July 2015 11:03:12 PM : No exist post[method] 
Monday 6th of July 2015 11:03:12 PM : No exist post[method] 
Monday 6th of July 2015 11:03:12 PM : No exist post[method] 
Monday 6th of July 2015 11:03:12 PM : No exist post[method] 
Monday 6th of July 2015 11:03:12 PM : No exist post[method] 
Monday 6th of July 2015 11:03:12 PM : No exist post[method] 
Monday 6th of July 2015 11:03:12 PM : No exist post[method] 
Monday 6th of July 2015 11:03:12 PM : No exist post[method] 
Monday 6th of July 2015 11:03:12 PM : No exist post[method] 
Monday 6th of July 2015 11:03:12 PM : No exist post[method] 
Monday 6th of July 2015 11:03:12 PM : No exist post[method] 
Monday 6th of July 2015 11:03:12 PM : No exist post[method] 
Monday 6th of July 2015 11:03:12 PM : No exist post[method] 
Monday 6th of July 2015 11:03:12 PM : No exist post[method] 
Monday 6th of July 2015 11:03:12 PM : No exist post[method] 
Monday 6th of July 2015 11:03:12 PM : No exist post[method] 
Monday 6th of July 2015 11:03:12 PM : No exist post[method] 
Monday 6th of July 2015 11:03:43 PM : No exist post[method] 
Monday 6th of July 2015 11:03:43 PM : No exist post[method] 
Monday 6th of July 2015 11:03:51 PM : No exist post[method] 
Monday 6th of July 2015 11:03:51 PM : No exist post[method] 
Monday 6th of July 2015 11:03:51 PM : No exist post[method] 
Monday 6th of July 2015 11:03:51 PM : No exist post[method] 
Monday 6th of July 2015 11:03:51 PM : No exist post[method] 
Monday 6th of July 2015 11:03:51 PM : No exist post[method] 
Monday 6th of July 2015 11:03:51 PM : No exist post[method] 
Monday 6th of July 2015 11:03:51 PM : No exist post[method] 
Monday 6th of July 2015 11:03:51 PM : No exist post[method] 
Monday 6th of July 2015 11:03:51 PM : No exist post[method] 
Monday 6th of July 2015 11:03:51 PM : No exist post[method] 
Monday 6th of July 2015 11:03:51 PM : No exist post[method] 
Monday 6th of July 2015 11:03:51 PM : No exist post[method] 
Monday 6th of July 2015 11:03:55 PM : No exist post[method] 
Monday 6th of July 2015 11:03:55 PM : No exist post[method] 
Monday 6th of July 2015 11:04:13 PM : No exist post[method] 
Monday 6th of July 2015 11:04:13 PM : No exist post[method] 
Monday 6th of July 2015 11:04:13 PM : No exist post[method] 
Monday 6th of July 2015 11:04:13 PM : No exist post[method] 
Monday 6th of July 2015 11:04:13 PM : No exist post[method] 
Monday 6th of July 2015 11:04:13 PM : No exist post[method] 
Monday 6th of July 2015 11:04:13 PM : No exist post[method] 
Monday 6th of July 2015 11:04:13 PM : No exist post[method] 
Monday 6th of July 2015 11:04:13 PM : No exist post[method] 
Monday 6th of July 2015 11:04:13 PM : No exist post[method] 
Monday 6th of July 2015 11:04:20 PM : No exist post[method] 
Monday 6th of July 2015 11:04:20 PM : No exist post[method] 
Monday 6th of July 2015 11:04:43 PM : No exist post[method] 
Monday 6th of July 2015 11:04:44 PM : No exist post[method] 
Monday 6th of July 2015 11:04:47 PM : No exist post[method] 
Monday 6th of July 2015 11:04:47 PM : No exist post[method] 
Monday 6th of July 2015 11:04:47 PM : No exist post[method] 
Monday 6th of July 2015 11:04:47 PM : No exist post[method] 
Monday 6th of July 2015 11:04:47 PM : No exist post[method] 
Monday 6th of July 2015 11:04:47 PM : No exist post[method] 
Monday 6th of July 2015 11:04:47 PM : No exist post[method] 
Monday 6th of July 2015 11:04:47 PM : No exist post[method] 
Monday 6th of July 2015 11:04:47 PM : No exist post[method] 
Monday 6th of July 2015 11:04:47 PM : No exist post[method] 
Monday 6th of July 2015 11:04:47 PM : No exist post[method] 
Monday 6th of July 2015 11:05:28 PM : No exist post[method] 
Monday 6th of July 2015 11:06:12 PM : No exist post[method] 
Monday 6th of July 2015 11:06:30 PM : No exist post[method] 
Monday 6th of July 2015 11:06:36 PM : No exist post[method] 
Monday 6th of July 2015 11:08:32 PM : No exist post[method] 
Monday 6th of July 2015 11:08:38 PM : No exist post[method] 
Monday 6th of July 2015 11:09:07 PM : No exist post[method] 
Monday 6th of July 2015 11:09:25 PM : No exist post[method] 
Monday 6th of July 2015 11:10:49 PM : No exist post[method] 
Monday 6th of July 2015 11:10:50 PM : No exist post[method] 
Monday 6th of July 2015 11:10:54 PM : No exist post[method] 
Monday 6th of July 2015 11:10:54 PM : No exist post[method] 
Monday 6th of July 2015 11:10:58 PM : No exist post[method] 
Monday 6th of July 2015 11:10:58 PM : No exist post[method] 
Thursday 16th of July 2015 06:09:22 PM : No exist post[method] 
Thursday 16th of July 2015 06:15:40 PM : No exist post[method] 
Thursday 16th of July 2015 06:15:44 PM : No exist post[method] 
Thursday 16th of July 2015 06:16:04 PM : No exist post[method] 
Thursday 16th of July 2015 06:16:33 PM : No exist post[method] 
Thursday 16th of July 2015 06:16:41 PM : No exist post[method] 
Thursday 16th of July 2015 06:24:58 PM : No exist post[method] 
Thursday 16th of July 2015 06:26:49 PM : No exist post[method] 
Thursday 16th of July 2015 06:27:32 PM : No exist post[method] 
Thursday 16th of July 2015 06:27:36 PM : No exist post[method] 
Thursday 16th of July 2015 06:30:42 PM : No exist post[method] 
Friday 17th of July 2015 04:43:06 PM : No exist post[method] 
Friday 17th of July 2015 06:29:58 PM : No exist post[method] 
Friday 17th of July 2015 06:30:06 PM : No exist post[method] 
Friday 17th of July 2015 06:30:30 PM : No exist post[method] 
Friday 17th of July 2015 06:31:51 PM : No exist post[method] 
Friday 17th of July 2015 06:32:22 PM : No exist post[method] 
Friday 17th of July 2015 06:33:59 PM : No exist post[method] 
Friday 17th of July 2015 06:34:32 PM : No exist post[method] 
Friday 17th of July 2015 06:45:39 PM : No exist post[method] 
Friday 17th of July 2015 06:48:58 PM : No exist post[method] 
Friday 17th of July 2015 07:00:19 PM : No exist post[method] 
Friday 17th of July 2015 07:00:51 PM : No exist post[method] 
Friday 17th of July 2015 07:03:52 PM : No exist post[method] 
Friday 17th of July 2015 07:04:20 PM : No exist post[method] 
Friday 17th of July 2015 07:06:00 PM : No exist post[method] 
Friday 17th of July 2015 07:06:17 PM : No exist post[method] 
Friday 17th of July 2015 07:06:23 PM : No exist post[method] 
Friday 17th of July 2015 07:06:41 PM : No exist post[method] 
Friday 17th of July 2015 07:06:55 PM : No exist post[method] 
Friday 17th of July 2015 07:07:16 PM : No exist post[method] 
Friday 17th of July 2015 07:08:24 PM : No exist post[method] 
Friday 17th of July 2015 07:09:03 PM : No exist post[method] 
Friday 17th of July 2015 07:10:06 PM : No exist post[method] 
Friday 17th of July 2015 07:10:14 PM : No exist post[method] 
Friday 17th of July 2015 07:12:01 PM : No exist post[method] 
Friday 17th of July 2015 07:12:18 PM : No exist post[method] 
Monday 20th of July 2015 07:15:13 PM : No exist post[method] 
Monday 20th of July 2015 07:18:16 PM : No exist post[method] 
Monday 20th of July 2015 07:18:57 PM : No exist post[method] 
Monday 20th of July 2015 07:19:22 PM : No exist post[method] 
Monday 20th of July 2015 07:19:30 PM : No exist post[method] 
Wednesday 22nd of July 2015 03:55:55 PM : No exist post[method] 
Wednesday 22nd of July 2015 04:21:53 PM : No exist post[method] 
Wednesday 22nd of July 2015 04:22:04 PM : No exist post[method] 
Wednesday 22nd of July 2015 04:23:22 PM : No exist post[method] 
Wednesday 22nd of July 2015 04:23:48 PM : No exist post[method] 
Wednesday 22nd of July 2015 04:24:47 PM : No exist post[method] 
Wednesday 22nd of July 2015 04:28:07 PM : No exist post[method] 
Wednesday 22nd of July 2015 04:28:14 PM : No exist post[method] 
Wednesday 22nd of July 2015 04:28:29 PM : No exist post[method] 
Wednesday 22nd of July 2015 04:33:40 PM : No exist post[method] 
Wednesday 22nd of July 2015 04:33:46 PM : No exist post[method] 
Wednesday 22nd of July 2015 04:34:07 PM : No exist post[method] 
Wednesday 22nd of July 2015 04:34:39 PM : No exist post[method] 
Wednesday 22nd of July 2015 04:34:53 PM : No exist post[method] 
Wednesday 22nd of July 2015 04:34:59 PM : No exist post[method] 
Wednesday 22nd of July 2015 04:35:18 PM : No exist post[method] 
Wednesday 22nd of July 2015 04:41:24 PM : No exist post[method] 
Wednesday 22nd of July 2015 04:41:37 PM : No exist post[method] 
Wednesday 22nd of July 2015 04:42:10 PM : No exist post[method] 
Wednesday 22nd of July 2015 04:42:52 PM : No exist post[method] 
Wednesday 22nd of July 2015 04:43:46 PM : No exist post[method] 
Wednesday 22nd of July 2015 04:43:53 PM : No exist post[method] 
Wednesday 22nd of July 2015 04:44:08 PM : No exist post[method] 
Wednesday 22nd of July 2015 04:44:42 PM : No exist post[method] 
Wednesday 22nd of July 2015 04:44:54 PM : No exist post[method] 
Wednesday 22nd of July 2015 04:49:30 PM : No exist post[method] 
Wednesday 22nd of July 2015 04:50:07 PM : No exist post[method] 
Wednesday 22nd of July 2015 05:01:56 PM : No exist post[method] 
Wednesday 22nd of July 2015 05:02:07 PM : No exist post[method] 
Wednesday 22nd of July 2015 05:04:06 PM : No exist post[method] 
Wednesday 22nd of July 2015 05:04:13 PM : No exist post[method] 
Wednesday 22nd of July 2015 05:04:30 PM : No exist post[method] 
Wednesday 22nd of July 2015 05:05:39 PM : No exist post[method] 
Wednesday 22nd of July 2015 05:09:05 PM : No exist post[method] 
Wednesday 22nd of July 2015 05:10:45 PM : No exist post[method] 
Wednesday 22nd of July 2015 05:12:40 PM : No exist post[method] 
Wednesday 22nd of July 2015 05:12:50 PM : No exist post[method] 
Wednesday 22nd of July 2015 05:18:42 PM : No exist post[method] 
Wednesday 22nd of July 2015 05:18:53 PM : No exist post[method] 
Wednesday 22nd of July 2015 05:18:58 PM : No exist post[method] 
Wednesday 22nd of July 2015 05:19:06 PM : No exist post[method] 
Wednesday 22nd of July 2015 05:19:43 PM : No exist post[method] 
Wednesday 22nd of July 2015 05:23:17 PM : No exist post[method] 
Wednesday 22nd of July 2015 05:24:47 PM : No exist post[method] 
Wednesday 22nd of July 2015 05:27:39 PM : No exist post[method] 
Wednesday 22nd of July 2015 05:52:31 PM : No exist post[method] 
Monday 17th of August 2015 05:53:18 PM : No exist post[method] 
Tuesday 18th of August 2015 04:49:15 PM : No exist post[method] 
Wednesday 19th of August 2015 10:18:13 AM : No exist post[method] 
Wednesday 19th of August 2015 10:19:57 AM : No exist post[method] 
Wednesday 19th of August 2015 10:21:01 AM : No exist post[method] 
Wednesday 19th of August 2015 10:27:38 AM : No exist post[method] 
Friday 21st of August 2015 11:34:47 AM : No exist post[method] 
Friday 21st of August 2015 11:34:54 AM : No exist post[method] 
Friday 21st of August 2015 11:35:52 AM : No exist post[method] 
Friday 21st of August 2015 11:36:34 AM : No exist post[method] 
Friday 21st of August 2015 11:39:44 AM : No exist post[method] 
Friday 21st of August 2015 12:43:26 PM : No exist post[method] 
Friday 21st of August 2015 12:57:20 PM : No exist post[method] 
Friday 21st of August 2015 12:57:22 PM : No exist post[method] 
Friday 21st of August 2015 12:58:16 PM : No exist post[method] 
Friday 21st of August 2015 12:58:49 PM : No exist post[method] 
Friday 21st of August 2015 12:59:11 PM : No exist post[method] 
Friday 21st of August 2015 01:01:07 PM : No exist post[method] 
Friday 21st of August 2015 01:10:49 PM : No exist post[method] 
Friday 21st of August 2015 01:10:53 PM : No exist post[method] 
Friday 21st of August 2015 01:11:50 PM : No exist post[method] 
Friday 21st of August 2015 01:12:02 PM : No exist post[method] 
Friday 21st of August 2015 01:12:19 PM : No exist post[method] 
Friday 21st of August 2015 01:14:47 PM : No exist post[method] 
Friday 21st of August 2015 01:16:53 PM : No exist post[method] 
Friday 21st of August 2015 01:17:11 PM : No exist post[method] 
Friday 21st of August 2015 01:17:20 PM : No exist post[method] 
Saturday 22nd of August 2015 04:59:05 PM : No exist post[method] 
Saturday 22nd of August 2015 04:59:26 PM : No exist post[method] 
Sunday 23rd of August 2015 04:13:05 PM : No exist post[method] 
Sunday 23rd of August 2015 04:17:44 PM : No exist post[method] 
Sunday 23rd of August 2015 04:17:53 PM : No exist post[method] 
Sunday 23rd of August 2015 04:18:02 PM : No exist post[method] 
Sunday 23rd of August 2015 04:18:25 PM : No exist post[method] 
Sunday 23rd of August 2015 04:18:33 PM : No exist post[method] 
Sunday 23rd of August 2015 04:23:22 PM : No exist post[method] 
Sunday 23rd of August 2015 04:23:43 PM : No exist post[method] 
Sunday 23rd of August 2015 04:27:55 PM : No exist post[method] 
Sunday 23rd of August 2015 04:33:12 PM : No exist post[method] 
Sunday 23rd of August 2015 04:33:44 PM : No exist post[method] 
Sunday 23rd of August 2015 04:33:45 PM : No exist post[method] 
Sunday 23rd of August 2015 04:33:47 PM : No exist post[method] 
Sunday 23rd of August 2015 04:33:48 PM : No exist post[method] 
Sunday 23rd of August 2015 04:33:49 PM : No exist post[method] 
Sunday 23rd of August 2015 04:33:54 PM : No exist post[method] 
Sunday 23rd of August 2015 04:35:44 PM : No exist post[method] 
Sunday 23rd of August 2015 04:35:50 PM : No exist post[method] 
Sunday 23rd of August 2015 04:36:48 PM : No exist post[method] 
Sunday 23rd of August 2015 04:40:40 PM : No exist post[method] 
Sunday 23rd of August 2015 04:42:14 PM : No exist post[method] 
Sunday 23rd of August 2015 04:44:09 PM : No exist post[method] 
Sunday 23rd of August 2015 04:47:13 PM : No exist post[method] 
Sunday 23rd of August 2015 04:48:20 PM : No exist post[method] 
Sunday 23rd of August 2015 04:50:43 PM : No exist post[method] 
Sunday 23rd of August 2015 04:50:56 PM : No exist post[method] 
Sunday 23rd of August 2015 04:51:08 PM : No exist post[method] 
Sunday 23rd of August 2015 04:53:39 PM : No exist post[method] 
Sunday 23rd of August 2015 04:53:58 PM : No exist post[method] 
Sunday 23rd of August 2015 05:15:04 PM : No exist post[method] 
Sunday 23rd of August 2015 05:22:20 PM : No exist post[method] 
Sunday 23rd of August 2015 05:23:01 PM : No exist post[method] 
Sunday 23rd of August 2015 05:23:02 PM : No exist post[method] 
Sunday 23rd of August 2015 05:23:30 PM : No exist post[method] 
Sunday 23rd of August 2015 05:23:31 PM : No exist post[method] 
Sunday 23rd of August 2015 05:23:39 PM : No exist post[method] 
Sunday 23rd of August 2015 05:32:05 PM : No exist post[method] 
Sunday 23rd of August 2015 05:32:11 PM : No exist post[method] 
Sunday 23rd of August 2015 05:32:22 PM : No exist post[method] 
Sunday 23rd of August 2015 05:35:05 PM : No exist post[method] 
Sunday 23rd of August 2015 05:35:11 PM : No exist post[method] 
Sunday 23rd of August 2015 05:35:16 PM : No exist post[method] 
Sunday 23rd of August 2015 05:35:47 PM : No exist post[method] 
Sunday 23rd of August 2015 05:35:58 PM : No exist post[method] 
Sunday 23rd of August 2015 05:36:00 PM : No exist post[method] 
Sunday 23rd of August 2015 05:54:18 PM : No exist post[method] 
Sunday 23rd of August 2015 05:54:24 PM : No exist post[method] 
Sunday 23rd of August 2015 05:54:42 PM : No exist post[method] 
Sunday 23rd of August 2015 05:55:20 PM : No exist post[method] 
Sunday 23rd of August 2015 05:55:30 PM : No exist post[method] 
Sunday 23rd of August 2015 05:55:36 PM : No exist post[method] 
Sunday 23rd of August 2015 05:55:45 PM : No exist post[method] 
Sunday 23rd of August 2015 05:56:46 PM : No exist post[method] 
Sunday 23rd of August 2015 05:56:57 PM : No exist post[method] 
Sunday 23rd of August 2015 05:56:58 PM : No exist post[method] 
Sunday 23rd of August 2015 05:57:42 PM : No exist post[method] 
Sunday 23rd of August 2015 05:58:55 PM : No exist post[method] 
Sunday 23rd of August 2015 06:17:44 PM : No exist post[method] 
Sunday 23rd of August 2015 06:17:57 PM : No exist post[method] 
Sunday 23rd of August 2015 06:18:08 PM : No exist post[method] 
Sunday 23rd of August 2015 06:18:17 PM : No exist post[method] 
Sunday 23rd of August 2015 06:22:37 PM : No exist post[method] 
Sunday 23rd of August 2015 06:38:21 PM : No exist post[method] 
Sunday 23rd of August 2015 06:38:26 PM : No exist post[method] 
Sunday 23rd of August 2015 06:43:26 PM : No exist post[method] 
Sunday 23rd of August 2015 06:43:33 PM : No exist post[method] 
Sunday 23rd of August 2015 06:43:37 PM : No exist post[method] 
Sunday 23rd of August 2015 06:44:47 PM : No exist post[method] 
Sunday 23rd of August 2015 06:44:49 PM : No exist post[method] 
Sunday 23rd of August 2015 07:06:23 PM : No exist post[method] 
Sunday 23rd of August 2015 07:06:23 PM : No exist post[method] 
Sunday 23rd of August 2015 07:06:49 PM : No exist post[method] 
Sunday 23rd of August 2015 07:06:49 PM : No exist post[method] 
Sunday 23rd of August 2015 07:06:52 PM : No exist post[method] 
Sunday 23rd of August 2015 07:06:54 PM : No exist post[method] 
Sunday 23rd of August 2015 07:06:57 PM : No exist post[method] 
Sunday 23rd of August 2015 07:07:01 PM : No exist post[method] 
Sunday 23rd of August 2015 07:07:34 PM : No exist post[method] 
Sunday 23rd of August 2015 07:07:37 PM : No exist post[method] 
Sunday 23rd of August 2015 07:15:11 PM : No exist post[method] 
Sunday 23rd of August 2015 07:15:14 PM : No exist post[method] 
Sunday 23rd of August 2015 07:15:16 PM : No exist post[method] 
Sunday 23rd of August 2015 07:16:00 PM : No exist post[method] 
Sunday 23rd of August 2015 07:16:02 PM : No exist post[method] 
Sunday 23rd of August 2015 07:16:04 PM : No exist post[method] 
Sunday 23rd of August 2015 07:16:17 PM : No exist post[method] 
Sunday 23rd of August 2015 07:16:42 PM : No exist post[method] 
Sunday 23rd of August 2015 07:16:44 PM : No exist post[method] 
Sunday 23rd of August 2015 07:16:46 PM : No exist post[method] 
Sunday 23rd of August 2015 07:16:48 PM : No exist post[method] 
Sunday 23rd of August 2015 07:21:27 PM : No exist post[method] 
Sunday 23rd of August 2015 07:21:29 PM : No exist post[method] 
Sunday 23rd of August 2015 07:21:32 PM : No exist post[method] 
Sunday 23rd of August 2015 10:20:50 PM : No exist post[method] 
Sunday 23rd of August 2015 10:20:57 PM : No exist post[method] 
Sunday 23rd of August 2015 10:21:00 PM : No exist post[method] 
Sunday 23rd of August 2015 10:21:03 PM : No exist post[method] 
Sunday 23rd of August 2015 10:23:20 PM : No exist post[method] 
Sunday 23rd of August 2015 10:23:22 PM : No exist post[method] 
Sunday 23rd of August 2015 10:38:50 PM : No exist post[method] 
Sunday 23rd of August 2015 10:39:12 PM : No exist post[method] 
Sunday 23rd of August 2015 10:39:15 PM : No exist post[method] 
Sunday 23rd of August 2015 10:40:47 PM : No exist post[method] 
Sunday 23rd of August 2015 10:40:48 PM : No exist post[method] 
Sunday 23rd of August 2015 10:40:50 PM : No exist post[method] 
Sunday 23rd of August 2015 10:40:56 PM : No exist post[method] 
Sunday 23rd of August 2015 10:40:57 PM : No exist post[method] 
Sunday 23rd of August 2015 10:41:00 PM : No exist post[method] 
Sunday 23rd of August 2015 10:41:05 PM : No exist post[method] 
Sunday 23rd of August 2015 10:42:16 PM : No exist post[method] 
Sunday 23rd of August 2015 10:42:31 PM : No exist post[method] 
Sunday 23rd of August 2015 10:42:47 PM : No exist post[method] 
Sunday 23rd of August 2015 10:43:21 PM : No exist post[method] 
Sunday 23rd of August 2015 10:43:23 PM : No exist post[method] 
Sunday 23rd of August 2015 10:43:24 PM : No exist post[method] 
Sunday 23rd of August 2015 10:43:44 PM : No exist post[method] 
Sunday 23rd of August 2015 10:43:45 PM : No exist post[method] 
Sunday 23rd of August 2015 10:43:46 PM : No exist post[method] 
Sunday 23rd of August 2015 10:44:48 PM : No exist post[method] 
Sunday 23rd of August 2015 10:44:53 PM : No exist post[method] 
Sunday 23rd of August 2015 10:44:56 PM : No exist post[method] 
Sunday 23rd of August 2015 10:48:11 PM : No exist post[method] 
Sunday 23rd of August 2015 10:48:42 PM : No exist post[method] 
Sunday 23rd of August 2015 10:55:36 PM : No exist post[method] 
Sunday 23rd of August 2015 10:55:38 PM : No exist post[method] 
Sunday 23rd of August 2015 10:55:42 PM : No exist post[method] 
Sunday 23rd of August 2015 10:58:03 PM : No exist post[method] 
Sunday 23rd of August 2015 10:58:09 PM : No exist post[method] 
Sunday 23rd of August 2015 10:59:30 PM : No exist post[method] 
Sunday 23rd of August 2015 10:59:32 PM : No exist post[method] 
Sunday 23rd of August 2015 11:00:34 PM : No exist post[method] 
Sunday 23rd of August 2015 11:00:37 PM : No exist post[method] 
Sunday 23rd of August 2015 11:00:40 PM : No exist post[method] 
Sunday 23rd of August 2015 11:00:46 PM : No exist post[method] 
Sunday 23rd of August 2015 11:00:58 PM : No exist post[method] 
Sunday 23rd of August 2015 11:01:03 PM : No exist post[method] 
Sunday 23rd of August 2015 11:01:05 PM : No exist post[method] 
Sunday 23rd of August 2015 11:01:08 PM : No exist post[method] 
Sunday 23rd of August 2015 11:08:23 PM : No exist post[method] 
Sunday 23rd of August 2015 11:08:24 PM : No exist post[method] 
Sunday 23rd of August 2015 11:08:26 PM : No exist post[method] 
Sunday 23rd of August 2015 11:08:29 PM : No exist post[method] 
Sunday 23rd of August 2015 11:08:41 PM : No exist post[method] 
Sunday 23rd of August 2015 11:08:42 PM : No exist post[method] 
Sunday 23rd of August 2015 11:08:49 PM : No exist post[method] 
Sunday 23rd of August 2015 11:08:52 PM : No exist post[method] 
Sunday 23rd of August 2015 11:10:18 PM : No exist post[method] 
Sunday 23rd of August 2015 11:10:22 PM : No exist post[method] 
Sunday 23rd of August 2015 11:10:41 PM : No exist post[method] 
Sunday 23rd of August 2015 11:10:46 PM : No exist post[method] 
Sunday 23rd of August 2015 11:10:51 PM : No exist post[method] 
Sunday 23rd of August 2015 11:11:02 PM : No exist post[method] 
Sunday 23rd of August 2015 11:12:02 PM : No exist post[method] 
Sunday 23rd of August 2015 11:13:03 PM : No exist post[method] 
Sunday 23rd of August 2015 11:13:03 PM : No exist post[method] 
Sunday 23rd of August 2015 11:13:03 PM : No exist post[method] 
Sunday 23rd of August 2015 11:14:32 PM : No exist post[method] 
Sunday 23rd of August 2015 11:14:50 PM : No exist post[method] 
Sunday 23rd of August 2015 11:15:03 PM : No exist post[method] 
Sunday 23rd of August 2015 11:16:30 PM : No exist post[method] 
Sunday 23rd of August 2015 11:21:29 PM : No exist post[method] 
Sunday 23rd of August 2015 11:22:13 PM : No exist post[method] 
Sunday 23rd of August 2015 11:23:15 PM : No exist post[method] 
Sunday 23rd of August 2015 11:23:53 PM : No exist post[method] 
Sunday 23rd of August 2015 11:25:00 PM : No exist post[method] 
Sunday 23rd of August 2015 11:25:05 PM : No exist post[method] 
Sunday 23rd of August 2015 11:25:07 PM : No exist post[method] 
Sunday 23rd of August 2015 11:25:10 PM : No exist post[method] 
Sunday 23rd of August 2015 11:27:50 PM : No exist post[method] 
Sunday 23rd of August 2015 11:27:57 PM : No exist post[method] 
Sunday 23rd of August 2015 11:28:05 PM : No exist post[method] 
Monday 24th of August 2015 09:25:15 PM : No exist post[method] 
Monday 24th of August 2015 09:27:46 PM : No exist post[method] 
Monday 24th of August 2015 09:34:12 PM : No exist post[method] 
Monday 24th of August 2015 09:34:13 PM : No exist post[method] 
Monday 24th of August 2015 09:34:15 PM : No exist post[method] 
Monday 24th of August 2015 09:38:17 PM : No exist post[method] 
Monday 24th of August 2015 09:39:36 PM : No exist post[method] 
Monday 24th of August 2015 09:40:01 PM : No exist post[method] 
Monday 24th of August 2015 09:41:43 PM : No exist post[method] 
Monday 24th of August 2015 09:41:50 PM : No exist post[method] 
Monday 24th of August 2015 09:41:53 PM : No exist post[method] 
Monday 24th of August 2015 09:42:16 PM : No exist post[method] 
Monday 24th of August 2015 09:42:16 PM : No exist post[method] 
Monday 24th of August 2015 09:42:17 PM : No exist post[method] 
Monday 24th of August 2015 09:42:27 PM : No exist post[method] 
Monday 24th of August 2015 09:45:37 PM : No exist post[method] 
Monday 24th of August 2015 09:46:20 PM : No exist post[method] 
Monday 24th of August 2015 09:46:30 PM : No exist post[method] 
Monday 24th of August 2015 09:48:02 PM : No exist post[method] 
Monday 24th of August 2015 09:48:05 PM : No exist post[method] 
Monday 24th of August 2015 09:48:10 PM : No exist post[method] 
Monday 24th of August 2015 09:48:16 PM : No exist post[method] 
Monday 24th of August 2015 09:48:17 PM : No exist post[method] 
Monday 24th of August 2015 09:51:50 PM : No exist post[method] 
Monday 24th of August 2015 09:54:31 PM : No exist post[method] 
Monday 24th of August 2015 09:56:25 PM : No exist post[method] 
Monday 24th of August 2015 09:56:28 PM : No exist post[method] 
Monday 24th of August 2015 09:56:37 PM : No exist post[method] 
Monday 24th of August 2015 09:56:38 PM : No exist post[method] 
Monday 24th of August 2015 09:56:46 PM : No exist post[method] 
Monday 24th of August 2015 09:56:49 PM : No exist post[method] 
Monday 24th of August 2015 09:57:10 PM : No exist post[method] 
Monday 24th of August 2015 09:58:59 PM : No exist post[method] 
Monday 24th of August 2015 09:59:41 PM : No exist post[method] 
Monday 24th of August 2015 10:00:08 PM : No exist post[method] 
Monday 24th of August 2015 10:00:41 PM : No exist post[method] 
Monday 24th of August 2015 10:00:57 PM : No exist post[method] 
Monday 24th of August 2015 10:01:13 PM : No exist post[method] 
Monday 24th of August 2015 10:02:32 PM : No exist post[method] 
Monday 24th of August 2015 10:04:45 PM : No exist post[method] 
Monday 24th of August 2015 10:04:52 PM : No exist post[method] 
Monday 24th of August 2015 10:04:54 PM : No exist post[method] 
Monday 24th of August 2015 10:05:06 PM : No exist post[method] 
Monday 24th of August 2015 10:05:07 PM : No exist post[method] 
Monday 24th of August 2015 10:05:28 PM : No exist post[method] 
Monday 24th of August 2015 10:05:29 PM : No exist post[method] 
Monday 24th of August 2015 10:05:31 PM : No exist post[method] 
Monday 24th of August 2015 10:08:12 PM : No exist post[method] 
Monday 24th of August 2015 10:08:50 PM : No exist post[method] 
Monday 24th of August 2015 10:09:02 PM : No exist post[method] 
Monday 24th of August 2015 10:09:26 PM : No exist post[method] 
Monday 24th of August 2015 10:09:37 PM : No exist post[method] 
Monday 24th of August 2015 10:09:58 PM : No exist post[method] 
Monday 24th of August 2015 10:10:02 PM : No exist post[method] 
Monday 24th of August 2015 10:10:14 PM : No exist post[method] 
Monday 24th of August 2015 10:31:41 PM : No exist post[method] 
Monday 24th of August 2015 10:31:49 PM : No exist post[method] 
Monday 24th of August 2015 10:31:51 PM : No exist post[method] 
Monday 24th of August 2015 10:32:00 PM : No exist post[method] 
Monday 24th of August 2015 10:32:52 PM : No exist post[method] 
Monday 24th of August 2015 10:32:58 PM : No exist post[method] 
Monday 24th of August 2015 10:33:02 PM : No exist post[method] 
Monday 24th of August 2015 10:33:10 PM : No exist post[method] 
Monday 24th of August 2015 10:33:20 PM : No exist post[method] 
Tuesday 25th of August 2015 04:19:36 PM : No exist post[method] 
Tuesday 25th of August 2015 04:23:59 PM : No exist post[method] 
Tuesday 25th of August 2015 04:28:30 PM : No exist post[method] 
Tuesday 25th of August 2015 04:28:33 PM : No exist post[method] 
Tuesday 25th of August 2015 04:28:37 PM : No exist post[method] 
Tuesday 25th of August 2015 04:28:39 PM : No exist post[method] 
Tuesday 25th of August 2015 04:28:41 PM : No exist post[method] 
Tuesday 25th of August 2015 04:28:42 PM : No exist post[method] 
Tuesday 25th of August 2015 04:30:11 PM : No exist post[method] 
Tuesday 25th of August 2015 04:30:35 PM : No exist post[method] 
Tuesday 25th of August 2015 04:33:37 PM : No exist post[method] 
Tuesday 25th of August 2015 04:34:46 PM : No exist post[method] 
Tuesday 25th of August 2015 04:34:53 PM : No exist post[method] 
Tuesday 25th of August 2015 04:35:03 PM : No exist post[method] 
Tuesday 25th of August 2015 04:45:09 PM : No exist post[method] 
Tuesday 25th of August 2015 04:45:45 PM : No exist post[method] 
Tuesday 25th of August 2015 04:46:36 PM : No exist post[method] 
Tuesday 25th of August 2015 04:47:28 PM : No exist post[method] 
Tuesday 25th of August 2015 04:49:01 PM : No exist post[method] 
Tuesday 25th of August 2015 04:50:15 PM : No exist post[method] 
Tuesday 25th of August 2015 04:50:30 PM : No exist post[method] 
Tuesday 25th of August 2015 04:50:50 PM : No exist post[method] 
Tuesday 25th of August 2015 04:52:15 PM : No exist post[method] 
Tuesday 25th of August 2015 04:53:11 PM : No exist post[method] 
Tuesday 25th of August 2015 04:53:46 PM : No exist post[method] 
Tuesday 25th of August 2015 04:53:54 PM : No exist post[method] 
Tuesday 25th of August 2015 04:54:01 PM : No exist post[method] 
Tuesday 25th of August 2015 04:54:08 PM : No exist post[method] 
Tuesday 25th of August 2015 04:54:28 PM : No exist post[method] 
Tuesday 25th of August 2015 04:55:51 PM : No exist post[method] 
Tuesday 25th of August 2015 05:17:47 PM : No exist post[method] 
Tuesday 25th of August 2015 05:18:15 PM : No exist post[method] 
Tuesday 25th of August 2015 05:19:55 PM : No exist post[method] 
Tuesday 25th of August 2015 05:20:42 PM : No exist post[method] 
Tuesday 25th of August 2015 05:21:19 PM : No exist post[method] 
Tuesday 25th of August 2015 05:22:26 PM : No exist post[method] 
Tuesday 25th of August 2015 05:22:41 PM : No exist post[method] 
Tuesday 25th of August 2015 05:23:27 PM : No exist post[method] 
Tuesday 25th of August 2015 05:23:39 PM : No exist post[method] 
Tuesday 25th of August 2015 05:24:07 PM : No exist post[method] 
Tuesday 25th of August 2015 05:26:42 PM : No exist post[method] 
Tuesday 25th of August 2015 05:27:29 PM : No exist post[method] 
Tuesday 25th of August 2015 05:29:29 PM : No exist post[method] 
Tuesday 25th of August 2015 05:29:36 PM : No exist post[method] 
Tuesday 25th of August 2015 05:30:22 PM : No exist post[method] 
Tuesday 25th of August 2015 05:30:26 PM : No exist post[method] 
Tuesday 25th of August 2015 05:30:55 PM : No exist post[method] 
Tuesday 25th of August 2015 05:32:26 PM : No exist post[method] 
Tuesday 25th of August 2015 05:32:45 PM : No exist post[method] 
Tuesday 25th of August 2015 05:33:26 PM : No exist post[method] 
Tuesday 25th of August 2015 05:33:55 PM : No exist post[method] 
Tuesday 25th of August 2015 05:34:14 PM : No exist post[method] 
Tuesday 25th of August 2015 05:36:13 PM : No exist post[method] 
Tuesday 25th of August 2015 05:36:23 PM : No exist post[method] 
Tuesday 25th of August 2015 05:36:33 PM : No exist post[method] 
Tuesday 25th of August 2015 05:36:44 PM : No exist post[method] 
Tuesday 25th of August 2015 05:38:27 PM : No exist post[method] 
Tuesday 25th of August 2015 05:42:03 PM : No exist post[method] 
Tuesday 25th of August 2015 05:42:32 PM : No exist post[method] 
Tuesday 25th of August 2015 05:43:05 PM : No exist post[method] 
Tuesday 25th of August 2015 05:45:30 PM : No exist post[method] 
Tuesday 25th of August 2015 05:45:36 PM : No exist post[method] 
Tuesday 25th of August 2015 05:46:15 PM : No exist post[method] 
Tuesday 25th of August 2015 05:46:23 PM : No exist post[method] 
Tuesday 25th of August 2015 05:46:27 PM : No exist post[method] 
Tuesday 25th of August 2015 05:46:33 PM : No exist post[method] 
Tuesday 25th of August 2015 05:46:36 PM : No exist post[method] 
Tuesday 25th of August 2015 05:46:41 PM : No exist post[method] 
Tuesday 25th of August 2015 05:46:43 PM : No exist post[method] 
Tuesday 25th of August 2015 05:46:46 PM : No exist post[method] 
Tuesday 25th of August 2015 05:47:10 PM : No exist post[method] 
Tuesday 25th of August 2015 05:47:12 PM : No exist post[method] 
Tuesday 25th of August 2015 05:47:16 PM : No exist post[method] 
Tuesday 25th of August 2015 05:47:18 PM : No exist post[method] 
Tuesday 25th of August 2015 05:47:26 PM : No exist post[method] 
Tuesday 25th of August 2015 05:47:28 PM : No exist post[method] 
Tuesday 25th of August 2015 05:48:10 PM : No exist post[method] 
Tuesday 25th of August 2015 05:48:36 PM : No exist post[method] 
Tuesday 25th of August 2015 05:49:24 PM : No exist post[method] 
Tuesday 25th of August 2015 05:52:54 PM : No exist post[method] 
Tuesday 25th of August 2015 05:53:14 PM : No exist post[method] 
Tuesday 25th of August 2015 05:55:05 PM : No exist post[method] 
Tuesday 25th of August 2015 05:55:12 PM : No exist post[method] 
Tuesday 25th of August 2015 05:56:49 PM : No exist post[method] 
Tuesday 25th of August 2015 05:57:19 PM : No exist post[method] 
Tuesday 25th of August 2015 05:58:20 PM : No exist post[method] 
Tuesday 25th of August 2015 05:58:58 PM : No exist post[method] 
Tuesday 25th of August 2015 06:09:59 PM : No exist post[method] 
Tuesday 25th of August 2015 06:13:29 PM : No exist post[method] 
Tuesday 25th of August 2015 06:13:39 PM : No exist post[method] 
Tuesday 25th of August 2015 06:14:21 PM : No exist post[method] 
Tuesday 25th of August 2015 06:14:23 PM : No exist post[method] 
Tuesday 25th of August 2015 06:14:24 PM : No exist post[method] 
Tuesday 25th of August 2015 06:14:43 PM : No exist post[method] 
Tuesday 25th of August 2015 06:14:48 PM : No exist post[method] 
Tuesday 25th of August 2015 06:17:25 PM : No exist post[method] 
Tuesday 25th of August 2015 06:17:28 PM : No exist post[method] 
Tuesday 25th of August 2015 06:17:29 PM : No exist post[method] 
Tuesday 25th of August 2015 06:17:31 PM : No exist post[method] 
Tuesday 25th of August 2015 06:17:45 PM : No exist post[method] 
Tuesday 25th of August 2015 06:17:51 PM : No exist post[method] 
Tuesday 25th of August 2015 06:18:10 PM : No exist post[method] 
Tuesday 25th of August 2015 06:19:29 PM : No exist post[method] 
Tuesday 25th of August 2015 06:20:13 PM : No exist post[method] 
Tuesday 25th of August 2015 06:25:27 PM : No exist post[method] 
Tuesday 25th of August 2015 06:26:08 PM : No exist post[method] 
Tuesday 25th of August 2015 06:26:50 PM : No exist post[method] 
Tuesday 25th of August 2015 06:27:32 PM : No exist post[method] 
Tuesday 25th of August 2015 06:28:19 PM : No exist post[method] 
Tuesday 25th of August 2015 06:29:20 PM : No exist post[method] 
Tuesday 25th of August 2015 06:29:31 PM : No exist post[method] 
Tuesday 25th of August 2015 06:49:13 PM : No exist post[method] 
Tuesday 25th of August 2015 06:49:57 PM : No exist post[method] 
Tuesday 25th of August 2015 06:49:58 PM : No exist post[method] 
Tuesday 25th of August 2015 06:51:45 PM : No exist post[method] 
Tuesday 25th of August 2015 06:51:46 PM : No exist post[method] 
Tuesday 25th of August 2015 06:54:30 PM : No exist post[method] 
Tuesday 25th of August 2015 06:55:20 PM : No exist post[method] 
Tuesday 25th of August 2015 06:55:46 PM : No exist post[method] 
Tuesday 25th of August 2015 06:55:48 PM : No exist post[method] 
Tuesday 25th of August 2015 06:56:12 PM : No exist post[method] 
Tuesday 25th of August 2015 06:56:29 PM : No exist post[method] 
Tuesday 25th of August 2015 06:57:52 PM : No exist post[method] 
Tuesday 25th of August 2015 06:57:54 PM : No exist post[method] 
Tuesday 25th of August 2015 07:01:08 PM : No exist post[method] 
Tuesday 25th of August 2015 07:01:10 PM : No exist post[method] 
Tuesday 25th of August 2015 07:01:11 PM : No exist post[method] 
Tuesday 25th of August 2015 07:01:12 PM : No exist post[method] 
Tuesday 25th of August 2015 07:01:25 PM : No exist post[method] 
Tuesday 25th of August 2015 07:01:34 PM : No exist post[method] 
Tuesday 25th of August 2015 07:02:18 PM : No exist post[method] 
Tuesday 25th of August 2015 07:02:49 PM : No exist post[method] 
Tuesday 25th of August 2015 07:05:53 PM : No exist post[method] 
Tuesday 25th of August 2015 07:07:00 PM : No exist post[method] 
Tuesday 25th of August 2015 07:07:02 PM : No exist post[method] 
Tuesday 25th of August 2015 07:07:40 PM : No exist post[method] 
Tuesday 25th of August 2015 07:08:07 PM : No exist post[method] 
Tuesday 25th of August 2015 07:09:03 PM : No exist post[method] 
Tuesday 25th of August 2015 07:10:02 PM : No exist post[method] 
Tuesday 25th of August 2015 07:10:04 PM : No exist post[method] 
Tuesday 25th of August 2015 07:10:39 PM : No exist post[method] 
Tuesday 25th of August 2015 07:11:12 PM : No exist post[method] 
Tuesday 25th of August 2015 07:11:49 PM : No exist post[method] 
Tuesday 25th of August 2015 07:11:51 PM : No exist post[method] 
Tuesday 25th of August 2015 07:12:04 PM : No exist post[method] 
Tuesday 25th of August 2015 07:12:11 PM : No exist post[method] 
Tuesday 25th of August 2015 07:13:57 PM : No exist post[method] 
Tuesday 25th of August 2015 07:14:10 PM : No exist post[method] 
Tuesday 25th of August 2015 07:14:12 PM : No exist post[method] 
Tuesday 25th of August 2015 07:14:17 PM : No exist post[method] 
Tuesday 25th of August 2015 07:14:21 PM : No exist post[method] 
Tuesday 25th of August 2015 07:14:27 PM : No exist post[method] 
Tuesday 25th of August 2015 07:14:32 PM : No exist post[method] 
Tuesday 25th of August 2015 07:16:49 PM : No exist post[method] 
Tuesday 25th of August 2015 07:17:10 PM : No exist post[method] 
Tuesday 25th of August 2015 07:17:29 PM : No exist post[method] 
Tuesday 25th of August 2015 07:17:48 PM : No exist post[method] 
Tuesday 25th of August 2015 07:18:21 PM : No exist post[method] 
Tuesday 25th of August 2015 07:19:02 PM : No exist post[method] 
Tuesday 25th of August 2015 07:19:12 PM : No exist post[method] 
Tuesday 25th of August 2015 07:19:37 PM : No exist post[method] 
Tuesday 25th of August 2015 07:21:06 PM : No exist post[method] 
Tuesday 25th of August 2015 07:22:08 PM : No exist post[method] 
Tuesday 25th of August 2015 07:22:12 PM : No exist post[method] 
Tuesday 25th of August 2015 07:22:34 PM : No exist post[method] 
Tuesday 25th of August 2015 07:23:01 PM : No exist post[method] 
Tuesday 25th of August 2015 07:23:13 PM : No exist post[method] 
Tuesday 25th of August 2015 07:23:24 PM : No exist post[method] 
Tuesday 25th of August 2015 07:23:26 PM : No exist post[method] 
Tuesday 25th of August 2015 07:23:40 PM : No exist post[method] 
Tuesday 25th of August 2015 07:23:57 PM : No exist post[method] 
Tuesday 25th of August 2015 07:26:33 PM : No exist post[method] 
Tuesday 25th of August 2015 07:26:52 PM : No exist post[method] 
Tuesday 25th of August 2015 07:26:53 PM : No exist post[method] 
Tuesday 25th of August 2015 10:47:30 PM : No exist post[method] 
Tuesday 25th of August 2015 10:48:09 PM : No exist post[method] 
Tuesday 25th of August 2015 10:49:05 PM : No exist post[method] 
Tuesday 25th of August 2015 10:49:32 PM : No exist post[method] 
Tuesday 25th of August 2015 10:51:02 PM : No exist post[method] 
Tuesday 25th of August 2015 10:51:04 PM : No exist post[method] 
Tuesday 25th of August 2015 10:51:06 PM : No exist post[method] 
Tuesday 25th of August 2015 10:51:15 PM : No exist post[method] 
Tuesday 25th of August 2015 10:51:29 PM : No exist post[method] 
Tuesday 25th of August 2015 10:54:22 PM : No exist post[method] 
Tuesday 25th of August 2015 10:55:15 PM : No exist post[method] 
Tuesday 25th of August 2015 10:56:20 PM : No exist post[method] 
Tuesday 25th of August 2015 10:56:51 PM : No exist post[method] 
Tuesday 25th of August 2015 10:57:37 PM : No exist post[method] 
Tuesday 25th of August 2015 10:58:20 PM : No exist post[method] 
Tuesday 25th of August 2015 11:00:47 PM : No exist post[method] 
Tuesday 25th of August 2015 11:06:50 PM : No exist post[method] 
Tuesday 25th of August 2015 11:18:09 PM : No exist post[method] 
Tuesday 25th of August 2015 11:19:52 PM : No exist post[method] 
Tuesday 25th of August 2015 11:19:59 PM : No exist post[method] 
Tuesday 25th of August 2015 11:20:04 PM : No exist post[method] 
Tuesday 25th of August 2015 11:21:45 PM : No exist post[method] 
Tuesday 25th of August 2015 11:21:47 PM : No exist post[method] 
Tuesday 25th of August 2015 11:22:21 PM : No exist post[method] 
Tuesday 25th of August 2015 11:30:47 PM : No exist post[method] 
Tuesday 25th of August 2015 11:30:49 PM : No exist post[method] 
Tuesday 25th of August 2015 11:36:47 PM : No exist post[method] 
Tuesday 25th of August 2015 11:37:06 PM : No exist post[method] 
Tuesday 25th of August 2015 11:37:21 PM : No exist post[method] 
Tuesday 25th of August 2015 11:37:40 PM : No exist post[method] 
Tuesday 25th of August 2015 11:37:41 PM : No exist post[method] 
Tuesday 25th of August 2015 11:38:01 PM : No exist post[method] 
Tuesday 25th of August 2015 11:38:18 PM : No exist post[method] 
Tuesday 25th of August 2015 11:38:24 PM : No exist post[method] 
Tuesday 25th of August 2015 11:38:30 PM : No exist post[method] 
Tuesday 25th of August 2015 11:41:29 PM : No exist post[method] 
Tuesday 25th of August 2015 11:41:42 PM : No exist post[method] 
Tuesday 25th of August 2015 11:41:44 PM : No exist post[method] 
Tuesday 25th of August 2015 11:41:46 PM : No exist post[method] 
Tuesday 25th of August 2015 11:42:32 PM : No exist post[method] 
Tuesday 25th of August 2015 11:44:51 PM : No exist post[method] 
Tuesday 25th of August 2015 11:45:00 PM : No exist post[method] 
Tuesday 25th of August 2015 11:45:06 PM : No exist post[method] 
Tuesday 25th of August 2015 11:45:30 PM : No exist post[method] 
Tuesday 25th of August 2015 11:45:50 PM : No exist post[method] 
Tuesday 25th of August 2015 11:48:11 PM : No exist post[method] 
Tuesday 25th of August 2015 11:48:21 PM : No exist post[method] 
Tuesday 25th of August 2015 11:48:25 PM : No exist post[method] 
Tuesday 25th of August 2015 11:48:42 PM : No exist post[method] 
Tuesday 25th of August 2015 11:49:48 PM : No exist post[method] 
Tuesday 25th of August 2015 11:49:52 PM : No exist post[method] 
Tuesday 25th of August 2015 11:49:56 PM : No exist post[method] 
Tuesday 25th of August 2015 11:50:01 PM : No exist post[method] 
Tuesday 25th of August 2015 11:50:07 PM : No exist post[method] 
Tuesday 25th of August 2015 11:50:11 PM : No exist post[method] 
Tuesday 25th of August 2015 11:50:14 PM : No exist post[method] 
Tuesday 25th of August 2015 11:50:18 PM : No exist post[method] 
Tuesday 25th of August 2015 11:51:50 PM : No exist post[method] 
Tuesday 25th of August 2015 11:55:17 PM : No exist post[method] 
Tuesday 25th of August 2015 11:55:26 PM : No exist post[method] 
Tuesday 25th of August 2015 11:55:29 PM : No exist post[method] 
Tuesday 25th of August 2015 11:55:48 PM : No exist post[method] 
Tuesday 25th of August 2015 11:55:50 PM : No exist post[method] 
Tuesday 25th of August 2015 11:55:51 PM : No exist post[method] 
Wednesday 26th of August 2015 04:37:57 PM : No exist post[method] 
Wednesday 26th of August 2015 04:38:57 PM : No exist post[method] 
Wednesday 26th of August 2015 04:40:08 PM : No exist post[method] 
Wednesday 26th of August 2015 04:41:04 PM : No exist post[method] 
Wednesday 26th of August 2015 04:41:17 PM : No exist post[method] 
Wednesday 26th of August 2015 04:41:23 PM : No exist post[method] 
Wednesday 26th of August 2015 04:42:16 PM : No exist post[method] 
Wednesday 26th of August 2015 04:44:40 PM : No exist post[method] 
Wednesday 26th of August 2015 04:44:44 PM : No exist post[method] 
Wednesday 26th of August 2015 04:44:57 PM : No exist post[method] 
Wednesday 26th of August 2015 04:45:10 PM : No exist post[method] 
Wednesday 26th of August 2015 04:45:13 PM : No exist post[method] 
Wednesday 26th of August 2015 04:45:37 PM : No exist post[method] 
Wednesday 26th of August 2015 04:45:50 PM : No exist post[method] 
Wednesday 26th of August 2015 04:45:54 PM : No exist post[method] 
Wednesday 26th of August 2015 04:49:47 PM : No exist post[method] 
Wednesday 26th of August 2015 04:49:48 PM : No exist post[method] 
Wednesday 26th of August 2015 04:49:51 PM : No exist post[method] 
Wednesday 26th of August 2015 04:49:56 PM : No exist post[method] 
Wednesday 26th of August 2015 04:50:06 PM : No exist post[method] 
Wednesday 26th of August 2015 04:50:09 PM : No exist post[method] 
Wednesday 26th of August 2015 04:50:18 PM : No exist post[method] 
Wednesday 26th of August 2015 04:52:02 PM : No exist post[method] 
Wednesday 26th of August 2015 04:52:10 PM : No exist post[method] 
Wednesday 26th of August 2015 04:59:12 PM : No exist post[method] 
Wednesday 26th of August 2015 04:59:19 PM : No exist post[method] 
Wednesday 26th of August 2015 04:59:27 PM : No exist post[method] 
Wednesday 26th of August 2015 05:02:28 PM : No exist post[method] 
Wednesday 26th of August 2015 05:02:33 PM : No exist post[method] 
Wednesday 26th of August 2015 05:02:35 PM : No exist post[method] 
Wednesday 26th of August 2015 05:02:41 PM : No exist post[method] 
Wednesday 26th of August 2015 05:05:37 PM : No exist post[method] 
Wednesday 26th of August 2015 05:05:39 PM : No exist post[method] 
Wednesday 26th of August 2015 05:07:53 PM : No exist post[method] 
Wednesday 26th of August 2015 05:09:07 PM : No exist post[method] 
Wednesday 26th of August 2015 05:09:16 PM : No exist post[method] 
Wednesday 26th of August 2015 05:09:29 PM : No exist post[method] 
Wednesday 26th of August 2015 05:12:53 PM : No exist post[method] 
Wednesday 26th of August 2015 05:12:56 PM : No exist post[method] 
Wednesday 26th of August 2015 05:13:07 PM : No exist post[method] 
Wednesday 26th of August 2015 05:14:41 PM : No exist post[method] 
Wednesday 26th of August 2015 05:14:44 PM : No exist post[method] 
Wednesday 26th of August 2015 05:17:27 PM : No exist post[method] 
Wednesday 26th of August 2015 05:17:42 PM : No exist post[method] 
Wednesday 26th of August 2015 05:17:47 PM : No exist post[method] 
Wednesday 26th of August 2015 05:17:54 PM : No exist post[method] 
Wednesday 26th of August 2015 05:17:57 PM : No exist post[method] 
Wednesday 26th of August 2015 05:25:00 PM : No exist post[method] 
Wednesday 26th of August 2015 05:26:48 PM : No exist post[method] 
Wednesday 26th of August 2015 05:27:21 PM : No exist post[method] 
Wednesday 26th of August 2015 05:28:34 PM : No exist post[method] 
Wednesday 26th of August 2015 05:28:47 PM : No exist post[method] 
Wednesday 26th of August 2015 05:28:57 PM : No exist post[method] 
Wednesday 26th of August 2015 05:29:18 PM : No exist post[method] 
Wednesday 26th of August 2015 05:38:01 PM : No exist post[method] 
Wednesday 26th of August 2015 05:38:11 PM : No exist post[method] 
Wednesday 26th of August 2015 05:38:12 PM : No exist post[method] 
Wednesday 26th of August 2015 05:38:13 PM : No exist post[method] 
Wednesday 26th of August 2015 05:38:14 PM : No exist post[method] 
Wednesday 26th of August 2015 05:38:16 PM : No exist post[method] 
Wednesday 26th of August 2015 05:51:01 PM : No exist post[method] 
Wednesday 26th of August 2015 05:54:48 PM : No exist post[method] 
Wednesday 26th of August 2015 06:01:59 PM : No exist post[method] 
Wednesday 26th of August 2015 06:02:37 PM : No exist post[method] 
Wednesday 26th of August 2015 06:03:10 PM : No exist post[method] 
Wednesday 26th of August 2015 06:04:19 PM : No exist post[method] 
Wednesday 26th of August 2015 06:05:10 PM : No exist post[method] 
Wednesday 26th of August 2015 06:06:09 PM : No exist post[method] 
Wednesday 26th of August 2015 06:06:29 PM : No exist post[method] 
Wednesday 26th of August 2015 06:06:36 PM : No exist post[method] 
Wednesday 26th of August 2015 06:07:26 PM : No exist post[method] 
Wednesday 26th of August 2015 06:07:39 PM : No exist post[method] 
Wednesday 26th of August 2015 06:20:02 PM : No exist post[method] 
Wednesday 26th of August 2015 06:29:33 PM : No exist post[method] 
Wednesday 26th of August 2015 06:31:10 PM : No exist post[method] 
Wednesday 26th of August 2015 06:31:21 PM : No exist post[method] 
Wednesday 26th of August 2015 06:31:28 PM : No exist post[method] 
Wednesday 26th of August 2015 06:32:44 PM : No exist post[method] 
Wednesday 26th of August 2015 06:32:53 PM : No exist post[method] 
Wednesday 26th of August 2015 06:38:08 PM : No exist post[method] 
Wednesday 26th of August 2015 06:38:25 PM : No exist post[method] 
Wednesday 26th of August 2015 06:38:34 PM : No exist post[method] 
Wednesday 26th of August 2015 06:40:55 PM : No exist post[method] 
Wednesday 26th of August 2015 06:41:27 PM : No exist post[method] 
Wednesday 26th of August 2015 06:42:28 PM : No exist post[method] 
Wednesday 26th of August 2015 06:42:33 PM : No exist post[method] 
Wednesday 26th of August 2015 06:43:33 PM : No exist post[method] 
Wednesday 26th of August 2015 06:43:42 PM : No exist post[method] 
Wednesday 26th of August 2015 06:44:37 PM : No exist post[method] 
Wednesday 26th of August 2015 06:44:53 PM : No exist post[method] 
Wednesday 26th of August 2015 06:45:27 PM : No exist post[method] 
Wednesday 26th of August 2015 06:46:10 PM : No exist post[method] 
Wednesday 26th of August 2015 06:47:17 PM : No exist post[method] 
Wednesday 26th of August 2015 06:48:39 PM : No exist post[method] 
Wednesday 26th of August 2015 06:53:16 PM : No exist post[method] 
Wednesday 26th of August 2015 06:53:45 PM : No exist post[method] 
Wednesday 26th of August 2015 06:57:50 PM : No exist post[method] 
Wednesday 26th of August 2015 06:58:31 PM : No exist post[method] 
Wednesday 26th of August 2015 06:59:15 PM : No exist post[method] 
Wednesday 26th of August 2015 06:59:22 PM : No exist post[method] 
Wednesday 26th of August 2015 07:01:52 PM : No exist post[method] 
Wednesday 26th of August 2015 07:03:29 PM : No exist post[method] 
Wednesday 26th of August 2015 07:03:59 PM : No exist post[method] 
Wednesday 26th of August 2015 07:04:05 PM : No exist post[method] 
Wednesday 26th of August 2015 07:04:13 PM : No exist post[method] 
Wednesday 26th of August 2015 07:04:32 PM : No exist post[method] 
Wednesday 26th of August 2015 07:05:35 PM : No exist post[method] 
Wednesday 26th of August 2015 07:06:10 PM : No exist post[method] 
Wednesday 26th of August 2015 07:06:27 PM : No exist post[method] 
Wednesday 26th of August 2015 07:06:31 PM : No exist post[method] 
Wednesday 26th of August 2015 07:06:41 PM : No exist post[method] 
Wednesday 26th of August 2015 07:06:58 PM : No exist post[method] 
Wednesday 26th of August 2015 07:07:05 PM : No exist post[method] 
Wednesday 26th of August 2015 07:07:08 PM : No exist post[method] 
Wednesday 26th of August 2015 07:07:22 PM : No exist post[method] 
Wednesday 26th of August 2015 07:10:57 PM : No exist post[method] 
Wednesday 26th of August 2015 07:11:39 PM : No exist post[method] 
Wednesday 26th of August 2015 10:43:55 PM : No exist post[method] 
Thursday 27th of August 2015 12:02:51 AM : No exist post[method] 
